<?xml version="1.0" encoding="UTF-8"?>
<testng-results ignored="0" total="7" passed="6" failed="1" skipped="0">
  <reporter-output>
  </reporter-output>
  <suite started-at="2024-01-02T17:31:28 IST" name="ShieldSuite" finished-at="2024-01-02T17:31:58 IST" duration-ms="30413">
    <groups>
      <group name="Admin">
        <method signature="AdminTestShield.Login()[pri:1, instance:KloudqTechnologies.tests.AdminTestShield@45099dd3]" name="Login" class="KloudqTechnologies.tests.AdminTestShield"/>
        <method signature="AdminTestShield.Dashboard()[pri:2, instance:KloudqTechnologies.tests.AdminTestShield@45099dd3]" name="Dashboard" class="KloudqTechnologies.tests.AdminTestShield"/>
        <method signature="AdminTestShield.Replay()[pri:3, instance:KloudqTechnologies.tests.AdminTestShield@45099dd3]" name="Replay" class="KloudqTechnologies.tests.AdminTestShield"/>
        <method signature="AdminTestShield.Trends()[pri:4, instance:KloudqTechnologies.tests.AdminTestShield@45099dd3]" name="Trends" class="KloudqTechnologies.tests.AdminTestShield"/>
        <method signature="AdminTestShield.Administrator()[pri:5, instance:KloudqTechnologies.tests.AdminTestShield@45099dd3]" name="Administrator" class="KloudqTechnologies.tests.AdminTestShield"/>
        <method signature="AdminTestShield.Reports()[pri:6, instance:KloudqTechnologies.tests.AdminTestShield@45099dd3]" name="Reports" class="KloudqTechnologies.tests.AdminTestShield"/>
        <method signature="AdminTestShield.teardown()[pri:7, instance:KloudqTechnologies.tests.AdminTestShield@45099dd3]" name="teardown" class="KloudqTechnologies.tests.AdminTestShield"/>
      </group> <!-- Admin -->
    </groups>
    <test started-at="2024-01-02T17:31:28 IST" name="Admin Test" finished-at="2024-01-02T17:31:58 IST" duration-ms="30413">
      <class name="KloudqTechnologies.tests.AdminTestShield">
        <test-method signature="Login()[pri:1, instance:KloudqTechnologies.tests.AdminTestShield@45099dd3]" started-at="2024-01-02T17:31:28 IST" name="Login" finished-at="2024-01-02T17:31:54 IST" duration-ms="26066" status="PASS">
          <reporter-output>
          </reporter-output>
        </test-method> <!-- Login -->
        <test-method signature="Dashboard()[pri:2, instance:KloudqTechnologies.tests.AdminTestShield@45099dd3]" started-at="2024-01-02T17:31:54 IST" name="Dashboard" finished-at="2024-01-02T17:31:58 IST" duration-ms="3682" status="FAIL">
          <exception class="java.lang.NullPointerException">
            <message>
              <![CDATA[Cannot invoke "com.aventstack.extentreports.ExtentReports.createTest(String)" because "this.report" is null]]>
            </message>
            <full-stacktrace>
              <![CDATA[java.lang.NullPointerException: Cannot invoke "com.aventstack.extentreports.ExtentReports.createTest(String)" because "this.report" is null
at KloudqTechnologies.PageObjects.DashboardShield.CheckActualConsumptionToday(DashboardShield.java:177)
at KloudqTechnologies.tests.AdminTestShield.Dashboard(AdminTestShield.java:59)
at java.base/jdk.internal.reflect.NativeMethodAccessorImpl.invoke0(Native Method)
at java.base/jdk.internal.reflect.NativeMethodAccessorImpl.invoke(NativeMethodAccessorImpl.java:77)
at java.base/jdk.internal.reflect.DelegatingMethodAccessorImpl.invoke(DelegatingMethodAccessorImpl.java:43)
at java.base/java.lang.reflect.Method.invoke(Method.java:568)
at org.testng.internal.invokers.MethodInvocationHelper.invokeMethod(MethodInvocationHelper.java:139)
at org.testng.internal.invokers.TestInvoker.invokeMethod(TestInvoker.java:664)
at org.testng.internal.invokers.TestInvoker.invokeTestMethod(TestInvoker.java:227)
at org.testng.internal.invokers.MethodRunner.runInSequence(MethodRunner.java:50)
at org.testng.internal.invokers.TestInvoker$MethodInvocationAgent.invoke(TestInvoker.java:957)
at org.testng.internal.invokers.TestInvoker.invokeTestMethods(TestInvoker.java:200)
at org.testng.internal.invokers.TestMethodWorker.invokeTestMethods(TestMethodWorker.java:148)
at org.testng.internal.invokers.TestMethodWorker.run(TestMethodWorker.java:128)
at java.base/java.util.ArrayList.forEach(ArrayList.java:1511)
at org.testng.TestRunner.privateRun(TestRunner.java:848)
at org.testng.TestRunner.run(TestRunner.java:621)
at org.testng.SuiteRunner.runTest(SuiteRunner.java:443)
at org.testng.SuiteRunner.runSequentially(SuiteRunner.java:437)
at org.testng.SuiteRunner.privateRun(SuiteRunner.java:397)
at org.testng.SuiteRunner.run(SuiteRunner.java:336)
at org.testng.SuiteRunnerWorker.runSuite(SuiteRunnerWorker.java:52)
at org.testng.SuiteRunnerWorker.run(SuiteRunnerWorker.java:95)
at org.testng.TestNG.runSuitesSequentially(TestNG.java:1280)
at org.testng.TestNG.runSuitesLocally(TestNG.java:1200)
at org.testng.TestNG.runSuites(TestNG.java:1114)
at org.testng.TestNG.run(TestNG.java:1082)
at org.testng.remote.AbstractRemoteTestNG.run(AbstractRemoteTestNG.java:115)
at org.testng.remote.RemoteTestNG.initAndRun(RemoteTestNG.java:251)
at org.testng.remote.RemoteTestNG.main(RemoteTestNG.java:77)
]]>
            </full-stacktrace>
          </exception> <!-- java.lang.NullPointerException -->
          <reporter-output>
          </reporter-output>
        </test-method> <!-- Dashboard -->
        <test-method signature="Replay()[pri:3, instance:KloudqTechnologies.tests.AdminTestShield@45099dd3]" started-at="2024-01-02T17:31:58 IST" name="Replay" finished-at="2024-01-02T17:31:58 IST" duration-ms="2" status="PASS">
          <reporter-output>
          </reporter-output>
        </test-method> <!-- Replay -->
        <test-method signature="Trends()[pri:4, instance:KloudqTechnologies.tests.AdminTestShield@45099dd3]" started-at="2024-01-02T17:31:58 IST" name="Trends" finished-at="2024-01-02T17:31:58 IST" duration-ms="3" status="PASS">
          <reporter-output>
          </reporter-output>
        </test-method> <!-- Trends -->
        <test-method signature="Administrator()[pri:5, instance:KloudqTechnologies.tests.AdminTestShield@45099dd3]" started-at="2024-01-02T17:31:58 IST" name="Administrator" finished-at="2024-01-02T17:31:58 IST" duration-ms="2" status="PASS">
          <reporter-output>
          </reporter-output>
        </test-method> <!-- Administrator -->
        <test-method signature="Reports()[pri:6, instance:KloudqTechnologies.tests.AdminTestShield@45099dd3]" started-at="2024-01-02T17:31:58 IST" name="Reports" finished-at="2024-01-02T17:31:58 IST" duration-ms="6" status="PASS">
          <reporter-output>
          </reporter-output>
        </test-method> <!-- Reports -->
        <test-method signature="teardown()[pri:7, instance:KloudqTechnologies.tests.AdminTestShield@45099dd3]" started-at="2024-01-02T17:31:58 IST" name="teardown" finished-at="2024-01-02T17:31:58 IST" duration-ms="516" status="PASS">
          <reporter-output>
          </reporter-output>
        </test-method> <!-- teardown -->
      </class> <!-- KloudqTechnologies.tests.AdminTestShield -->
    </test> <!-- Admin Test -->
  </suite> <!-- ShieldSuite -->
</testng-results>
