<?xml version="1.0" encoding="UTF-8"?>
<!-- Generated by org.testng.reporters.JUnitXMLReporter -->
<testsuite ignored="0" hostname="KTLKDIOT-L135" failures="1" tests="7" name="Admin Test" time="30.413" errors="0" timestamp="2024-01-02T17:31:58 IST">
  <testcase classname="KloudqTechnologies.tests.AdminTestShield" name="Login" time="26.066"/>
  <testcase classname="KloudqTechnologies.tests.AdminTestShield" name="Dashboard" time="3.682">
    <failure type="java.lang.NullPointerException" message="Cannot invoke &amp;quot;com.aventstack.extentreports.ExtentReports.createTest(String)&amp;quot; because &amp;quot;this.report&amp;quot; is null">
      <![CDATA[java.lang.NullPointerException: Cannot invoke "com.aventstack.extentreports.ExtentReports.createTest(String)" because "this.report" is null
at KloudqTechnologies.PageObjects.DashboardShield.CheckActualConsumptionToday(DashboardShield.java:177)
at KloudqTechnologies.tests.AdminTestShield.Dashboard(AdminTestShield.java:59)
at java.base/java.util.ArrayList.forEach(ArrayList.java:1511)
... Removed 27 stack frames]]>
    </failure>
  </testcase> <!-- Dashboard -->
  <testcase classname="KloudqTechnologies.tests.AdminTestShield" name="Replay" time="0.002"/>
  <testcase classname="KloudqTechnologies.tests.AdminTestShield" name="Trends" time="0.003"/>
  <testcase classname="KloudqTechnologies.tests.AdminTestShield" name="Administrator" time="0.002"/>
  <testcase classname="KloudqTechnologies.tests.AdminTestShield" name="Reports" time="0.006"/>
  <testcase classname="KloudqTechnologies.tests.AdminTestShield" name="teardown" time="0.516"/>
</testsuite> <!-- Admin Test -->
